<?xml version="1.0" encoding="UTF-8"?>
<!-- Generated by org.testng.reporters.JUnitReportReporter -->
<testsuite skipped="0" hostname="LAPTOP-MHI2SFUK" name="testNG.TestNG_2" tests="6" failures="0" timestamp="2023-07-31T12:06:24 IST" time="0.007" errors="0">
  <testcase name="q" time="0.001" classname="testNG.TestNG_2"/>
  <system-out/>
  <testcase name="z" time="0.000" classname="testNG.TestNG_2"/>
  <system-out/>
  <testcase name="b" time="0.001" classname="testNG.TestNG_2"/>
  <system-out/>
  <testcase name="a" time="0.003" classname="testNG.TestNG_2"/>
  <system-out/>
  <testcase name="v" time="0.001" classname="testNG.TestNG_2"/>
  <system-out/>
  <testcase name="r" time="0.001" classname="testNG.TestNG_2"/>
  <system-out/>
</testsuite> <!-- testNG.TestNG_2 -->
