<?xml version="1.0" encoding="UTF-8"?>
<!-- Generated by org.testng.reporters.JUnitReportReporter -->
<testsuite skipped="0" hostname="LAPTOP-MHI2SFUK" name="delete.Programs" tests="1" failures="0" timestamp="2023-07-31T16:44:51 IST" time="0.090" errors="0">
  <testcase name="a" time="0.090" classname="delete.Programs"/>
  <system-out/>
</testsuite> <!-- delete.Programs -->
