<?xml version="1.0" encoding="UTF-8"?>
<!-- Generated by org.testng.reporters.JUnitReportReporter -->
<testsuite skipped="0" hostname="LAPTOP-MHI2SFUK" name="testNG.TestNG_1" tests="1" failures="0" timestamp="2023-07-31T12:06:24 IST" time="0.001" errors="0">
  <testcase name="a1" time="0.001" classname="testNG.TestNG_1"/>
  <system-out/>
</testsuite> <!-- testNG.TestNG_1 -->
